
Showing logs for build [32munpacket-environment-coliseumus-hvsgv-1[0m stage [32mmeta-pipeline[0m and container [32mstep-credential-initializer-k8g9k[0m
{"level":"warn","ts":1568831444.3490524,"logger":"fallback-logger","caller":"logging/config.go:69","msg":"Fetch GitHub commit ID from kodata failed: \"ref: refs/heads/master\" is not a valid GitHub commit ID"}
{"level":"info","ts":1568831444.3493826,"logger":"fallback-logger","caller":"creds-init/main.go:40","msg":"Credentials initialized."}

Showing logs for build [32munpacket-environment-coliseumus-hvsgv-1[0m stage [32mmeta-pipeline[0m and container [32mstep-working-dir-initializer-dk4bj[0m
{"level":"warn","ts":1568831445.3495255,"logger":"fallback-logger","caller":"logging/config.go:69","msg":"Fetch GitHub commit ID from kodata failed: open /var/run/ko/HEAD: no such file or directory"}
{"level":"info","ts":1568831445.3528152,"logger":"fallback-logger","caller":"bash/main.go:65","msg":"Successfully executed command \"mkdir -p /workspace/source\""}

Showing logs for build [32munpacket-environment-coliseumus-hvsgv-1[0m stage [32mmeta-pipeline[0m and container [32mstep-place-tools[0m

Showing logs for build [32munpacket-environment-coliseumus-hvsgv-1[0m stage [32mmeta-pipeline[0m and container [32mstep-git-source-meta-unpacket-environment-colis-45zhs[0m
{"level":"warn","ts":1568831449.3947947,"logger":"fallback-logger","caller":"logging/config.go:69","msg":"Fetch GitHub commit ID from kodata failed: \"ref: refs/heads/master\" is not a valid GitHub commit ID"}
{"level":"info","ts":1568831449.5965292,"logger":"fallback-logger","caller":"git/git.go:102","msg":"Successfully cloned https://github.com/********/environment-coliseumusa-staging.git @ b8615163ebfd068a572d03a73f60042b8237564d in path /workspace/source"}

Showing logs for build [32munpacket-environment-coliseumus-hvsgv-1[0m stage [32mmeta-pipeline[0m and container [32mstep-git-merge[0m
Using SHAs from PULL_REFS=master:b8615163ebfd068a572d03a73f60042b8237564d,3:938161f1064532fa78c2e4e779776a64740930eb
DEBUG: ran git fetch --unshallow origin 938161f1064532fa78c2e4e779776a64740930eb: b8615163ebfd068a572d03a73f60042b8237564d: in 
DEBUG: ran git checkout master in 
DEBUG: ran git reset --hard b8615163ebfd068a572d03a73f60042b8237564d in 
DEBUG: ran clean --force -d . in 
DEBUG: ran git merge 938161f1064532fa78c2e4e779776a64740930eb in 
Merged SHA 938161f1064532fa78c2e4e779776a64740930eb with commit message 'chore: Promote golang to version 0.0.3' into base branch master

Showing logs for build [32munpacket-environment-coliseumus-hvsgv-1[0m stage [32mmeta-pipeline[0m and container [32mstep-merge-pull-refs[0m
DEBUG: ran git fetch origin 938161f1064532fa78c2e4e779776a64740930eb: b8615163ebfd068a572d03a73f60042b8237564d: in 
DEBUG: Unshallowed git repo in 
DEBUG: ran git checkout master in 
DEBUG: ran git reset --hard b8615163ebfd068a572d03a73f60042b8237564d in 
DEBUG: ran clean --force -d . in 
DEBUG: ran git merge 938161f1064532fa78c2e4e779776a64740930eb in 
Merged SHA 938161f1064532fa78c2e4e779776a64740930eb with commit message 'chore: Promote golang to version 0.0.3' into base branch master

Showing logs for build [32munpacket-environment-coliseumus-hvsgv-1[0m stage [32mmeta-pipeline[0m and container [32mstep-create-effective-pipeline[0m
Deleting and cloning the Jenkins X versions repo
Cloning the Jenkins X versions repo https://github.com/jenkins-x/jenkins-x-versions.git with ref refs/heads/master to /builder/home/.**/jenkins-x-versions
selected pack: /builder/home/.**/draft/packs/github.com/jenkins-x-buildpacks/jenkins-x-kubernetes/packs/environment
Effective pipeline written to jenkins-x-promotion-build-effective.yml

Showing logs for build [32munpacket-environment-coliseumus-hvsgv-1[0m stage [32mmeta-pipeline[0m and container [32mstep-create-tekton-crds[0m
PipelineActivity for ********-environment-coliseumusa-staging-PR-3-1
Applying changes 
upserted PipelineResource ********-environment-coliseumus for the git repository https://github.com/********/environment-coliseumusa-staging.git
upserted Task ********-environment-coliseumus-hvsgv-from-build-pack-1
upserted Pipeline ********-environment-coliseumus-hvsgv-1
created PipelineRun ********-environment-coliseumus-hvsgv-1
created PipelineStructure ********-environment-coliseumus-hvsgv-1

Showing logs for build [32munpacket-environment-coliseumus-hvsgv-1[0m stage [32mfrom-build-pack[0m and container [32mstep-credential-initializer-lgwgv[0m
{"level":"warn","ts":1568831459.536034,"logger":"fallback-logger","caller":"logging/config.go:69","msg":"Fetch GitHub commit ID from kodata failed: \"ref: refs/heads/master\" is not a valid GitHub commit ID"}
{"level":"info","ts":1568831459.5363755,"logger":"fallback-logger","caller":"creds-init/main.go:40","msg":"Credentials initialized."}

Showing logs for build [32munpacket-environment-coliseumus-hvsgv-1[0m stage [32mfrom-build-pack[0m and container [32mstep-working-dir-initializer-g4t24[0m
{"level":"warn","ts":1568831459.8230236,"logger":"fallback-logger","caller":"logging/config.go:69","msg":"Fetch GitHub commit ID from kodata failed: open /var/run/ko/HEAD: no such file or directory"}
{"level":"info","ts":1568831459.8243618,"logger":"fallback-logger","caller":"bash/main.go:65","msg":"Successfully executed command \"mkdir -p /workspace/source /workspace/source/env\""}

Showing logs for build [32munpacket-environment-coliseumus-hvsgv-1[0m stage [32mfrom-build-pack[0m and container [32mstep-place-tools[0m

Showing logs for build [32munpacket-environment-coliseumus-hvsgv-1[0m stage [32mfrom-build-pack[0m and container [32mstep-git-source-unpacket-environment-coliseumus-b42kf[0m
{"level":"warn","ts":1568831464.0984945,"logger":"fallback-logger","caller":"logging/config.go:69","msg":"Fetch GitHub commit ID from kodata failed: \"ref: refs/heads/master\" is not a valid GitHub commit ID"}
{"level":"info","ts":1568831464.4634476,"logger":"fallback-logger","caller":"git/git.go:102","msg":"Successfully cloned https://github.com/********/environment-coliseumusa-staging.git @ master in path /workspace/source"}

Showing logs for build [32munpacket-environment-coliseumus-hvsgv-1[0m stage [32mfrom-build-pack[0m and container [32mstep-git-merge[0m
Using SHAs from PULL_REFS=master:b8615163ebfd068a572d03a73f60042b8237564d,3:938161f1064532fa78c2e4e779776a64740930eb
DEBUG: ran git fetch --unshallow origin 938161f1064532fa78c2e4e779776a64740930eb: b8615163ebfd068a572d03a73f60042b8237564d: in 
DEBUG: ran git checkout master in 
DEBUG: ran git reset --hard b8615163ebfd068a572d03a73f60042b8237564d in 
DEBUG: ran clean --force -d . in 
DEBUG: ran git merge 938161f1064532fa78c2e4e779776a64740930eb in 
Merged SHA 938161f1064532fa78c2e4e779776a64740930eb with commit message 'chore: Promote golang to version 0.0.3' into base branch master

Showing logs for build [32munpacket-environment-coliseumus-hvsgv-1[0m stage [32mfrom-build-pack[0m and container [32mstep-build-helm-build[0m
WARNING: No $CHART_REPOSITORY defined so using the default value of: http://jenkins-x-chartmuseum:8080
Adding missing Helm repo: storage.googleapis.com https://storage.googleapis.com/chartmuseum.jenkins-x.io
Successfully added Helm repository storage.googleapis.com.
Adding missing Helm repo: jenkins-x-chartmuseum http://jenkins-x-chartmuseum:8080
Successfully added Helm repository jenkins-x-chartmuseum.
WARNING: No $CHART_REPOSITORY defined so using the default value of: http://jenkins-x-chartmuseum:8080
Adding missing Helm repo: chartmuseum.jenkins-x.io http://chartmuseum.jenkins-x.io
Successfully added Helm repository chartmuseum.jenkins-x.io.
