
Showing logs for build [32munpacket-environment-coliseumus-1[0m stage [32mmeta-pipeline[0m and container [32mstep-credential-initializer-tb22f[0m
{"level":"warn","ts":1568824661.4049957,"logger":"fallback-logger","caller":"logging/config.go:69","msg":"Fetch GitHub commit ID from kodata failed: \"ref: refs/heads/master\" is not a valid GitHub commit ID"}
{"level":"info","ts":1568824661.4056532,"logger":"fallback-logger","caller":"creds-init/main.go:40","msg":"Credentials initialized."}

Showing logs for build [32munpacket-environment-coliseumus-1[0m stage [32mmeta-pipeline[0m and container [32mstep-working-dir-initializer-z54dg[0m
{"level":"warn","ts":1568824661.8403559,"logger":"fallback-logger","caller":"logging/config.go:69","msg":"Fetch GitHub commit ID from kodata failed: open /var/run/ko/HEAD: no such file or directory"}
{"level":"info","ts":1568824661.841755,"logger":"fallback-logger","caller":"bash/main.go:65","msg":"Successfully executed command \"mkdir -p /workspace/source\""}

Showing logs for build [32munpacket-environment-coliseumus-1[0m stage [32mmeta-pipeline[0m and container [32mstep-place-tools[0m

Showing logs for build [32munpacket-environment-coliseumus-1[0m stage [32mmeta-pipeline[0m and container [32mstep-git-source-meta-unpacket-environment-colis-zr6rn[0m
{"level":"warn","ts":1568824667.8830144,"logger":"fallback-logger","caller":"logging/config.go:69","msg":"Fetch GitHub commit ID from kodata failed: \"ref: refs/heads/master\" is not a valid GitHub commit ID"}
{"level":"info","ts":1568824668.06962,"logger":"fallback-logger","caller":"git/git.go:102","msg":"Successfully cloned https://github.com/********/environment-coliseumusa-staging.git @ e25dab0beeb3bb102ce9e534f387a0fb7df14b82 in path /workspace/source"}

Showing logs for build [32munpacket-environment-coliseumus-1[0m stage [32mmeta-pipeline[0m and container [32mstep-git-merge[0m
Using SHAs from PULL_REFS=master:e25dab0beeb3bb102ce9e534f387a0fb7df14b82,1:2bb3d4a4571f11ef6537420acfba41ddeb9e0153
DEBUG: ran git fetch --unshallow origin 2bb3d4a4571f11ef6537420acfba41ddeb9e0153: e25dab0beeb3bb102ce9e534f387a0fb7df14b82: in 
DEBUG: ran git checkout master in 
DEBUG: ran git reset --hard e25dab0beeb3bb102ce9e534f387a0fb7df14b82 in 
DEBUG: ran clean --force -d . in 
DEBUG: ran git merge 2bb3d4a4571f11ef6537420acfba41ddeb9e0153 in 
Merged SHA 2bb3d4a4571f11ef6537420acfba41ddeb9e0153 with commit message 'chore: Promote golang to version 0.0.1' into base branch master

Showing logs for build [32munpacket-environment-coliseumus-1[0m stage [32mmeta-pipeline[0m and container [32mstep-merge-pull-refs[0m
DEBUG: ran git fetch origin 2bb3d4a4571f11ef6537420acfba41ddeb9e0153: e25dab0beeb3bb102ce9e534f387a0fb7df14b82: in 
DEBUG: Unshallowed git repo in 
DEBUG: ran git checkout master in 
DEBUG: ran git reset --hard e25dab0beeb3bb102ce9e534f387a0fb7df14b82 in 
DEBUG: ran clean --force -d . in 
DEBUG: ran git merge 2bb3d4a4571f11ef6537420acfba41ddeb9e0153 in 
Merged SHA 2bb3d4a4571f11ef6537420acfba41ddeb9e0153 with commit message 'chore: Promote golang to version 0.0.1' into base branch master

Showing logs for build [32munpacket-environment-coliseumus-1[0m stage [32mmeta-pipeline[0m and container [32mstep-create-effective-pipeline[0m
Deleting and cloning the Jenkins X versions repo
Cloning the Jenkins X versions repo https://github.com/jenkins-x/jenkins-x-versions.git with ref refs/heads/master to /builder/home/.**/jenkins-x-versions
selected pack: /builder/home/.**/draft/packs/github.com/jenkins-x-buildpacks/jenkins-x-kubernetes/packs/environment
Effective pipeline written to jenkins-x-promotion-build-effective.yml

Showing logs for build [32munpacket-environment-coliseumus-1[0m stage [32mmeta-pipeline[0m and container [32mstep-create-tekton-crds[0m
PipelineActivity for ********-environment-coliseumusa-staging-PR-1-1
Applying changes 
upserted PipelineResource ********-environment-coliseumus for the git repository https://github.com/********/environment-coliseumusa-staging.git
upserted Task ********-environment-coliseumus-from-build-pack-1
upserted Pipeline ********-environment-coliseumus-1
created PipelineRun ********-environment-coliseumus-1
created PipelineStructure ********-environment-coliseumus-1

Showing logs for build [32munpacket-environment-coliseumus-1[0m stage [32mfrom-build-pack[0m and container [32mstep-credential-initializer-6njdf[0m
{"level":"warn","ts":1568824674.6157253,"logger":"fallback-logger","caller":"logging/config.go:69","msg":"Fetch GitHub commit ID from kodata failed: \"ref: refs/heads/master\" is not a valid GitHub commit ID"}
{"level":"info","ts":1568824674.6160963,"logger":"fallback-logger","caller":"creds-init/main.go:40","msg":"Credentials initialized."}

Showing logs for build [32munpacket-environment-coliseumus-1[0m stage [32mfrom-build-pack[0m and container [32mstep-working-dir-initializer-mn7km[0m
{"level":"warn","ts":1568824675.5646064,"logger":"fallback-logger","caller":"logging/config.go:69","msg":"Fetch GitHub commit ID from kodata failed: open /var/run/ko/HEAD: no such file or directory"}
{"level":"info","ts":1568824675.5655596,"logger":"fallback-logger","caller":"bash/main.go:65","msg":"Successfully executed command \"mkdir -p /workspace/source /workspace/source/env\""}

Showing logs for build [32munpacket-environment-coliseumus-1[0m stage [32mfrom-build-pack[0m and container [32mstep-place-tools[0m

Showing logs for build [32munpacket-environment-coliseumus-1[0m stage [32mfrom-build-pack[0m and container [32mstep-git-source-unpacket-environment-coliseumus-s6hg8[0m
{"level":"warn","ts":1568824681.638116,"logger":"fallback-logger","caller":"logging/config.go:69","msg":"Fetch GitHub commit ID from kodata failed: \"ref: refs/heads/master\" is not a valid GitHub commit ID"}
{"level":"info","ts":1568824681.9238114,"logger":"fallback-logger","caller":"git/git.go:102","msg":"Successfully cloned https://github.com/********/environment-coliseumusa-staging.git @ master in path /workspace/source"}

Showing logs for build [32munpacket-environment-coliseumus-1[0m stage [32mfrom-build-pack[0m and container [32mstep-git-merge[0m
Using SHAs from PULL_REFS=master:e25dab0beeb3bb102ce9e534f387a0fb7df14b82,1:2bb3d4a4571f11ef6537420acfba41ddeb9e0153
DEBUG: ran git fetch --unshallow origin 2bb3d4a4571f11ef6537420acfba41ddeb9e0153: e25dab0beeb3bb102ce9e534f387a0fb7df14b82: in 
DEBUG: ran git checkout master in 
DEBUG: ran git reset --hard e25dab0beeb3bb102ce9e534f387a0fb7df14b82 in 
DEBUG: ran clean --force -d . in 
DEBUG: ran git merge 2bb3d4a4571f11ef6537420acfba41ddeb9e0153 in 
Merged SHA 2bb3d4a4571f11ef6537420acfba41ddeb9e0153 with commit message 'chore: Promote golang to version 0.0.1' into base branch master

Showing logs for build [32munpacket-environment-coliseumus-1[0m stage [32mfrom-build-pack[0m and container [32mstep-build-helm-build[0m
WARNING: No $CHART_REPOSITORY defined so using the default value of: http://jenkins-x-chartmuseum:8080
Adding missing Helm repo: storage.googleapis.com https://storage.googleapis.com/chartmuseum.jenkins-x.io
Successfully added Helm repository storage.googleapis.com.
Adding missing Helm repo: jenkins-x-chartmuseum http://jenkins-x-chartmuseum:8080
Successfully added Helm repository jenkins-x-chartmuseum.
WARNING: No $CHART_REPOSITORY defined so using the default value of: http://jenkins-x-chartmuseum:8080
Adding missing Helm repo: chartmuseum.jenkins-x.io http://chartmuseum.jenkins-x.io
Successfully added Helm repository chartmuseum.jenkins-x.io.
