
Showing logs for build [32munpacket-environment-coliseumus-gb72g-3[0m stage [32mmeta-pipeline[0m and container [32mstep-credential-initializer-x7bfs[0m
{"level":"warn","ts":1568831496.7363217,"logger":"fallback-logger","caller":"logging/config.go:69","msg":"Fetch GitHub commit ID from kodata failed: \"ref: refs/heads/master\" is not a valid GitHub commit ID"}
{"level":"info","ts":1568831496.736615,"logger":"fallback-logger","caller":"creds-init/main.go:40","msg":"Credentials initialized."}

Showing logs for build [32munpacket-environment-coliseumus-gb72g-3[0m stage [32mmeta-pipeline[0m and container [32mstep-working-dir-initializer-qmxc9[0m
{"level":"warn","ts":1568831497.6769793,"logger":"fallback-logger","caller":"logging/config.go:69","msg":"Fetch GitHub commit ID from kodata failed: open /var/run/ko/HEAD: no such file or directory"}
{"level":"info","ts":1568831497.6779988,"logger":"fallback-logger","caller":"bash/main.go:65","msg":"Successfully executed command \"mkdir -p /workspace/source\""}

Showing logs for build [32munpacket-environment-coliseumus-gb72g-3[0m stage [32mmeta-pipeline[0m and container [32mstep-place-tools[0m

Showing logs for build [32munpacket-environment-coliseumus-gb72g-3[0m stage [32mmeta-pipeline[0m and container [32mstep-git-source-meta-unpacket-environment-colis-ddbs2[0m
{"level":"warn","ts":1568831502.7525887,"logger":"fallback-logger","caller":"logging/config.go:69","msg":"Fetch GitHub commit ID from kodata failed: \"ref: refs/heads/master\" is not a valid GitHub commit ID"}
{"level":"info","ts":1568831502.9528902,"logger":"fallback-logger","caller":"git/git.go:102","msg":"Successfully cloned https://github.com/********/environment-coliseumusa-staging.git @ 28e546eba750597891e05a3575034ca30711a392 in path /workspace/source"}

Showing logs for build [32munpacket-environment-coliseumus-gb72g-3[0m stage [32mmeta-pipeline[0m and container [32mstep-git-merge[0m
Using SHAs from PULL_REFS=master:28e546eba750597891e05a3575034ca30711a392
WARNING: no SHAs to merge, falling back to initial cloned commit

Showing logs for build [32munpacket-environment-coliseumus-gb72g-3[0m stage [32mmeta-pipeline[0m and container [32mstep-merge-pull-refs[0m
SKIP merge-pull-refs: Nothing to merge

Showing logs for build [32munpacket-environment-coliseumus-gb72g-3[0m stage [32mmeta-pipeline[0m and container [32mstep-create-effective-pipeline[0m
Deleting and cloning the Jenkins X versions repo
Cloning the Jenkins X versions repo https://github.com/jenkins-x/jenkins-x-versions.git with ref refs/heads/master to /builder/home/.**/jenkins-x-versions
selected pack: /builder/home/.**/draft/packs/github.com/jenkins-x-buildpacks/jenkins-x-kubernetes/packs/environment
Effective pipeline written to jenkins-x-promotion-effective.yml

Showing logs for build [32munpacket-environment-coliseumus-gb72g-3[0m stage [32mmeta-pipeline[0m and container [32mstep-create-tekton-crds[0m
running command: ** step next-version --use-git-tag-only --tag
created new version: 0.0.3 and written to file: ./VERSION
Tag v0.0.3 created and pushed to remote origin

PipelineActivity for ********-environment-coliseumusa-staging-master-3
Applying changes 
upserted PipelineResource ********-environment-coliseumus for the git repository https://github.com/********/environment-coliseumusa-staging.git
upserted Task ********-environment-coliseumus-gb72g-from-build-pack-3
upserted Pipeline ********-environment-coliseumus-gb72g-3
created PipelineRun ********-environment-coliseumus-gb72g-3
created PipelineStructure ********-environment-coliseumus-gb72g-3

Showing logs for build [32munpacket-environment-coliseumus-gb72g-3[0m stage [32mfrom-build-pack[0m and container [32mstep-credential-initializer-2xp7d[0m
{"level":"warn","ts":1568831513.2323558,"logger":"fallback-logger","caller":"logging/config.go:69","msg":"Fetch GitHub commit ID from kodata failed: \"ref: refs/heads/master\" is not a valid GitHub commit ID"}
{"level":"info","ts":1568831513.233164,"logger":"fallback-logger","caller":"creds-init/main.go:40","msg":"Credentials initialized."}

Showing logs for build [32munpacket-environment-coliseumus-gb72g-3[0m stage [32mfrom-build-pack[0m and container [32mstep-working-dir-initializer-96dx2[0m
{"level":"warn","ts":1568831513.7254758,"logger":"fallback-logger","caller":"logging/config.go:69","msg":"Fetch GitHub commit ID from kodata failed: open /var/run/ko/HEAD: no such file or directory"}
{"level":"info","ts":1568831513.7295365,"logger":"fallback-logger","caller":"bash/main.go:65","msg":"Successfully executed command \"mkdir -p /workspace/source /workspace/source/env\""}

Showing logs for build [32munpacket-environment-coliseumus-gb72g-3[0m stage [32mfrom-build-pack[0m and container [32mstep-place-tools[0m

Showing logs for build [32munpacket-environment-coliseumus-gb72g-3[0m stage [32mfrom-build-pack[0m and container [32mstep-git-source-unpacket-environment-coliseumus-mfhjb[0m
{"level":"warn","ts":1568831519.8109498,"logger":"fallback-logger","caller":"logging/config.go:69","msg":"Fetch GitHub commit ID from kodata failed: \"ref: refs/heads/master\" is not a valid GitHub commit ID"}
{"level":"info","ts":1568831520.0166092,"logger":"fallback-logger","caller":"git/git.go:102","msg":"Successfully cloned https://github.com/********/environment-coliseumusa-staging.git @ v0.0.3 in path /workspace/source"}

Showing logs for build [32munpacket-environment-coliseumus-gb72g-3[0m stage [32mfrom-build-pack[0m and container [32mstep-git-merge[0m
Using SHAs from PULL_REFS=master:28e546eba750597891e05a3575034ca30711a392
WARNING: no SHAs to merge, falling back to initial cloned commit

Showing logs for build [32munpacket-environment-coliseumus-gb72g-3[0m stage [32mfrom-build-pack[0m and container [32mstep-setup-jx-git-credentials[0m
Generated Git credentials file /builder/home/git/credentials

Showing logs for build [32munpacket-environment-coliseumus-gb72g-3[0m stage [32mfrom-build-pack[0m and container [32mstep-build-helm-apply[0m
Modified file /workspace/source/env/Chart.yaml to set the chart to version 3
Copying the helm source directory /workspace/source/env to a temporary location for building and applying /tmp/**-helm-apply-962555257/env
Applying helm chart at /tmp/**-helm-apply-962555257/env as release name ** to namespace **-staging
verifying the helm requirements versions in dir: . using version stream URL:  and git ref: 
Deleting and cloning the Jenkins X versions repo
Cloning the Jenkins X versions repo https://github.com/jenkins-x/jenkins-x-versions.git with ref refs/heads/master to /builder/home/.**/jenkins-x-versions
Ignoring templates/.gitignore
Wrote chart values.yaml /tmp/**-helm-apply-962555257/env/values.yaml generated from directory tree
generated helm /tmp/**-helm-apply-962555257/env/values.yaml

PipelineSecrets: {}
cleanup:
  Annotations:
    helm.sh/hook: pre-delete
    helm.sh/hook-delete-policy: hook-succeeded
  Args:
  - --cleanup
controllerbuild:
  enabled: true
controllerworkflow:
  enabled: false
dockerRegistry: 411493707527.dkr.ecr.us-west-2.amazonaws.com
expose:
  Annotations:
    helm.sh/hook: post-install,post-upgrade
    helm.sh/hook-delete-policy: hook-succeeded
  Args:
  - --v
  - 4
  config:
    domain: coliseumusa.com
    exposer: Ingress
    http: "true"
jenkins:
  Servers:
    Global:
      EnvVars:
        TILLER_NAMESPACE: kube-system
  enabled: false
prow: {}

Using values files: /tmp/**-helm-apply-962555257/env/values.yaml
WARNING: No $CHART_REPOSITORY defined so using the default value of: http://jenkins-x-chartmuseum:8080
Adding missing Helm repo: storage.googleapis.com https://storage.googleapis.com/chartmuseum.jenkins-x.io
Successfully added Helm repository storage.googleapis.com.
Adding missing Helm repo: jenkins-x-chartmuseum http://jenkins-x-chartmuseum:8080
Successfully added Helm repository jenkins-x-chartmuseum.
WARNING: No $CHART_REPOSITORY defined so using the default value of: http://jenkins-x-chartmuseum:8080
Adding missing Helm repo: chartmuseum.jenkins-x.io http://chartmuseum.jenkins-x.io
Successfully added Helm repository chartmuseum.jenkins-x.io.
Applying Apps chart overrides
Applying chart overrides


release.jenkins.io "golang-0.0.2" deleted
